
> autogitgrow@0.0.0 dev
> vite


  VITE v4.5.14  ready in 553 ms

  âœ  Local:   http://localhost:3000/
  âœ  Network: http://192.168.0.2:3000/
3:42:17 PM [vite] .env changed, restarting server...
3:42:17 PM [vite] server restarted.
3:42:22 PM [vite] .env changed, restarting server...
3:42:22 PM [vite] server restarted.
3:42:25 PM [vite] .env changed, restarting server...
3:42:25 PM [vite] server restarted.
3:42:29 PM [vite] .env changed, restarting server...
3:42:29 PM [vite] server restarted.
3:42:31 PM [vite] .env changed, restarting server...
3:42:31 PM [vite] server restarted.
3:42:33 PM [vite] .env changed, restarting server...
3:42:33 PM [vite] server restarted.
3:42:36 PM [vite] .env changed, restarting server...
3:42:36 PM [vite] server restarted.
3:42:42 PM [vite] .env changed, restarting server...
3:42:42 PM [vite] server restarted.
3:42:45 PM [vite] .env changed, restarting server...
3:42:45 PM [vite] server restarted.
3:42:52 PM [vite] .env changed, restarting server...
3:42:52 PM [vite] server restarted.
3:42:55 PM [vite] .env changed, restarting server...
3:42:55 PM [vite] server restarted.
3:42:58 PM [vite] .env changed, restarting server...
3:42:59 PM [vite] server restarted.
3:43:07 PM [vite] .env changed, restarting server...
3:43:07 PM [vite] server restarted.
3:43:14 PM [vite] .env changed, restarting server...
3:43:14 PM [vite] server restarted.
3:43:17 PM [vite] .env changed, restarting server...
3:43:17 PM [vite] server restarted.
3:43:21 PM [vite] .env changed, restarting server...
3:43:21 PM [vite] server restarted.
3:43:27 PM [vite] .env changed, restarting server...
3:43:27 PM [vite] server restarted.
3:43:32 PM [vite] .env changed, restarting server...
3:43:32 PM [vite] server restarted.
3:43:36 PM [vite] .env changed, restarting server...
3:43:36 PM [vite] server restarted.
3:43:39 PM [vite] .env changed, restarting server...
3:43:39 PM [vite] server restarted.
3:44:58 PM [vite] .env changed, restarting server...
3:44:58 PM [vite] server restarted.
3:45:06 PM [vite] .env changed, restarting server...
3:45:06 PM [vite] server restarted.
3:46:27 PM [vite] .env changed, restarting server...
3:46:27 PM [vite] server restarted.
3:46:33 PM [vite] .env changed, restarting server...
3:46:33 PM [vite] server restarted.
3:47:55 PM [vite] .env changed, restarting server...
3:47:55 PM [vite] server restarted.
3:49:59 PM [vite] .env changed, restarting server...
3:49:59 PM [vite] server restarted.
3:50:05 PM [vite] .env changed, restarting server...
3:50:05 PM [vite] server restarted.
3:50:09 PM [vite] .env changed, restarting server...
3:50:09 PM [vite] server restarted.
3:50:17 PM [vite] .env changed, restarting server...
3:50:17 PM [vite] server restarted.
3:50:36 PM [vite] .env changed, restarting server...
3:50:37 PM [vite] server restarted.
3:50:38 PM [vite] .env changed, restarting server...
3:50:38 PM [vite] server restarted.
